running develop
running egg_info
creating py_pub.egg-info
writing py_pub.egg-info/PKG-INFO
writing dependency_links to py_pub.egg-info/dependency_links.txt
writing entry points to py_pub.egg-info/entry_points.txt
writing requirements to py_pub.egg-info/requires.txt
writing top-level names to py_pub.egg-info/top_level.txt
writing manifest file 'py_pub.egg-info/SOURCES.txt'
reading manifest file 'py_pub.egg-info/SOURCES.txt'
writing manifest file 'py_pub.egg-info/SOURCES.txt'
running build_ext
Creating /home/ubuntu/ros2_ws/install/py_pub/lib/python3.8/site-packages/site.py
Creating /home/ubuntu/ros2_ws/install/py_pub/lib/python3.8/site-packages/py-pub.egg-link (link to .)
Installing publisher script to /home/ubuntu/ros2_ws/install/py_pub/lib/py_pub

Installed /home/ubuntu/ros2_ws/build/py_pub
running install_data
creating /home/ubuntu/ros2_ws/install/py_pub/share/ament_index
creating /home/ubuntu/ros2_ws/install/py_pub/share/ament_index/resource_index
creating /home/ubuntu/ros2_ws/install/py_pub/share/ament_index/resource_index/packages
copying resource/py_pub -> /home/ubuntu/ros2_ws/install/py_pub/share/ament_index/resource_index/packages
copying package.xml -> /home/ubuntu/ros2_ws/install/py_pub/share/py_pub
