[1.974s] Invoking command in '/home/ubuntu/ros2_ws/build/py_pub': PYTHONPATH=/home/ubuntu/ros2_ws/install/py_pub/lib/python3.8/site-packages:${PYTHONPATH} /usr/bin/python3 setup.py develop --prefix /home/ubuntu/ros2_ws/install/py_pub --editable --build-directory /home/ubuntu/ros2_ws/build/py_pub/build --no-deps install_data --install-dir /home/ubuntu/ros2_ws/install/py_pub
[2.731s] running develop
[3.093s] running egg_info
[3.094s] creating py_pub.egg-info
[3.094s] writing py_pub.egg-info/PKG-INFO
[3.095s] writing dependency_links to py_pub.egg-info/dependency_links.txt
[3.095s] writing entry points to py_pub.egg-info/entry_points.txt
[3.096s] writing requirements to py_pub.egg-info/requires.txt
[3.096s] writing top-level names to py_pub.egg-info/top_level.txt
[3.100s] writing manifest file 'py_pub.egg-info/SOURCES.txt'
[3.212s] reading manifest file 'py_pub.egg-info/SOURCES.txt'
[3.214s] writing manifest file 'py_pub.egg-info/SOURCES.txt'
[3.219s] running build_ext
[3.220s] Creating /home/ubuntu/ros2_ws/install/py_pub/lib/python3.8/site-packages/site.py
[3.229s] Creating /home/ubuntu/ros2_ws/install/py_pub/lib/python3.8/site-packages/py-pub.egg-link (link to .)
[3.231s] Installing publisher script to /home/ubuntu/ros2_ws/install/py_pub/lib/py_pub
[3.232s] 
[3.233s] Installed /home/ubuntu/ros2_ws/build/py_pub
[3.233s] running install_data
[3.234s] creating /home/ubuntu/ros2_ws/install/py_pub/share/ament_index
[3.234s] creating /home/ubuntu/ros2_ws/install/py_pub/share/ament_index/resource_index
[3.235s] creating /home/ubuntu/ros2_ws/install/py_pub/share/ament_index/resource_index/packages
[3.235s] copying resource/py_pub -> /home/ubuntu/ros2_ws/install/py_pub/share/ament_index/resource_index/packages
[3.236s] copying package.xml -> /home/ubuntu/ros2_ws/install/py_pub/share/py_pub
[3.331s] Invoked command in '/home/ubuntu/ros2_ws/build/py_pub' returned '0': PYTHONPATH=/home/ubuntu/ros2_ws/install/py_pub/lib/python3.8/site-packages:${PYTHONPATH} /usr/bin/python3 setup.py develop --prefix /home/ubuntu/ros2_ws/install/py_pub --editable --build-directory /home/ubuntu/ros2_ws/build/py_pub/build --no-deps install_data --install-dir /home/ubuntu/ros2_ws/install/py_pub
