[2.756s] Invoking command in '/home/ubuntu/ros2_ws/src/kadabra': PYTHONPATH=/home/ubuntu/ros2_ws/install/kadabra/lib/python3.8/site-packages:${PYTHONPATH} /usr/bin/python3 setup.py egg_info --egg-base ../../build/kadabra build --build-base /home/ubuntu/ros2_ws/build/kadabra/build install --prefix /home/ubuntu/ros2_ws/install/kadabra --record /home/ubuntu/ros2_ws/build/kadabra/install.log --single-version-externally-managed
[3.541s] running egg_info
[3.543s] writing ../../build/kadabra/kadabra.egg-info/PKG-INFO
[3.544s] writing dependency_links to ../../build/kadabra/kadabra.egg-info/dependency_links.txt
[3.545s] writing entry points to ../../build/kadabra/kadabra.egg-info/entry_points.txt
[3.545s] writing requirements to ../../build/kadabra/kadabra.egg-info/requires.txt
[3.546s] writing top-level names to ../../build/kadabra/kadabra.egg-info/top_level.txt
[3.676s] reading manifest file '../../build/kadabra/kadabra.egg-info/SOURCES.txt'
[3.679s] writing manifest file '../../build/kadabra/kadabra.egg-info/SOURCES.txt'
[3.680s] running build
[3.680s] running build_py
[3.681s] running install
[3.684s] running install_lib
[3.689s] running install_data
[3.691s] running install_egg_info
[3.697s] removing '/home/ubuntu/ros2_ws/install/kadabra/lib/python3.8/site-packages/kadabra-0.0.0-py3.8.egg-info' (and everything under it)
[3.698s] Copying ../../build/kadabra/kadabra.egg-info to /home/ubuntu/ros2_ws/install/kadabra/lib/python3.8/site-packages/kadabra-0.0.0-py3.8.egg-info
[3.702s] running install_scripts
[3.761s] Installing open_trigger script to /home/ubuntu/ros2_ws/install/kadabra/lib/kadabra
[3.763s] writing list of installed files to '/home/ubuntu/ros2_ws/build/kadabra/install.log'
[3.853s] Invoked command in '/home/ubuntu/ros2_ws/src/kadabra' returned '0': PYTHONPATH=/home/ubuntu/ros2_ws/install/kadabra/lib/python3.8/site-packages:${PYTHONPATH} /usr/bin/python3 setup.py egg_info --egg-base ../../build/kadabra build --build-base /home/ubuntu/ros2_ws/build/kadabra/build install --prefix /home/ubuntu/ros2_ws/install/kadabra --record /home/ubuntu/ros2_ws/build/kadabra/install.log --single-version-externally-managed
