running egg_info
creating ../../build/kadabra/kadabra.egg-info
writing ../../build/kadabra/kadabra.egg-info/PKG-INFO
writing dependency_links to ../../build/kadabra/kadabra.egg-info/dependency_links.txt
writing entry points to ../../build/kadabra/kadabra.egg-info/entry_points.txt
writing requirements to ../../build/kadabra/kadabra.egg-info/requires.txt
writing top-level names to ../../build/kadabra/kadabra.egg-info/top_level.txt
writing manifest file '../../build/kadabra/kadabra.egg-info/SOURCES.txt'
reading manifest file '../../build/kadabra/kadabra.egg-info/SOURCES.txt'
writing manifest file '../../build/kadabra/kadabra.egg-info/SOURCES.txt'
running build
running build_py
creating /home/ubuntu/ros2_ws/build/kadabra/build
creating /home/ubuntu/ros2_ws/build/kadabra/build/lib
creating /home/ubuntu/ros2_ws/build/kadabra/build/lib/kadabra
copying kadabra/__init__.py -> /home/ubuntu/ros2_ws/build/kadabra/build/lib/kadabra
copying kadabra/trigger.py -> /home/ubuntu/ros2_ws/build/kadabra/build/lib/kadabra
running install
running install_lib
creating /home/ubuntu/ros2_ws/install/kadabra/lib/python3.8/site-packages/kadabra
copying /home/ubuntu/ros2_ws/build/kadabra/build/lib/kadabra/__init__.py -> /home/ubuntu/ros2_ws/install/kadabra/lib/python3.8/site-packages/kadabra
copying /home/ubuntu/ros2_ws/build/kadabra/build/lib/kadabra/trigger.py -> /home/ubuntu/ros2_ws/install/kadabra/lib/python3.8/site-packages/kadabra
byte-compiling /home/ubuntu/ros2_ws/install/kadabra/lib/python3.8/site-packages/kadabra/__init__.py to __init__.cpython-38.pyc
byte-compiling /home/ubuntu/ros2_ws/install/kadabra/lib/python3.8/site-packages/kadabra/trigger.py to trigger.cpython-38.pyc
running install_data
creating /home/ubuntu/ros2_ws/install/kadabra/share/ament_index
creating /home/ubuntu/ros2_ws/install/kadabra/share/ament_index/resource_index
creating /home/ubuntu/ros2_ws/install/kadabra/share/ament_index/resource_index/packages
copying resource/kadabra -> /home/ubuntu/ros2_ws/install/kadabra/share/ament_index/resource_index/packages
copying package.xml -> /home/ubuntu/ros2_ws/install/kadabra/share/kadabra
running install_egg_info
Copying ../../build/kadabra/kadabra.egg-info to /home/ubuntu/ros2_ws/install/kadabra/lib/python3.8/site-packages/kadabra-0.0.0-py3.8.egg-info
running install_scripts
Installing open_trigger script to /home/ubuntu/ros2_ws/install/kadabra/lib/kadabra
writing list of installed files to '/home/ubuntu/ros2_ws/build/kadabra/install.log'
