[2.960s] Invoking command in '/home/ubuntu/ros2_ws/src/kadabra': PYTHONPATH=/home/ubuntu/ros2_ws/install/kadabra/lib/python3.8/site-packages:${PYTHONPATH} /usr/bin/python3 setup.py egg_info --egg-base ../../build/kadabra build --build-base /home/ubuntu/ros2_ws/build/kadabra/build install --prefix /home/ubuntu/ros2_ws/install/kadabra --record /home/ubuntu/ros2_ws/build/kadabra/install.log --single-version-externally-managed
[3.684s] running egg_info
[3.685s] creating ../../build/kadabra/kadabra.egg-info
[3.686s] writing ../../build/kadabra/kadabra.egg-info/PKG-INFO
[3.687s] writing dependency_links to ../../build/kadabra/kadabra.egg-info/dependency_links.txt
[3.688s] writing entry points to ../../build/kadabra/kadabra.egg-info/entry_points.txt
[3.688s] writing requirements to ../../build/kadabra/kadabra.egg-info/requires.txt
[3.689s] writing top-level names to ../../build/kadabra/kadabra.egg-info/top_level.txt
[3.693s] writing manifest file '../../build/kadabra/kadabra.egg-info/SOURCES.txt'
[3.816s] reading manifest file '../../build/kadabra/kadabra.egg-info/SOURCES.txt'
[3.819s] writing manifest file '../../build/kadabra/kadabra.egg-info/SOURCES.txt'
[3.820s] running build
[3.820s] running build_py
[3.821s] creating /home/ubuntu/ros2_ws/build/kadabra/build
[3.821s] creating /home/ubuntu/ros2_ws/build/kadabra/build/lib
[3.822s] creating /home/ubuntu/ros2_ws/build/kadabra/build/lib/kadabra
[3.823s] copying kadabra/__init__.py -> /home/ubuntu/ros2_ws/build/kadabra/build/lib/kadabra
[3.823s] copying kadabra/trigger.py -> /home/ubuntu/ros2_ws/build/kadabra/build/lib/kadabra
[3.823s] running install
[3.825s] running install_lib
[3.829s] creating /home/ubuntu/ros2_ws/install/kadabra/lib/python3.8/site-packages/kadabra
[3.829s] copying /home/ubuntu/ros2_ws/build/kadabra/build/lib/kadabra/__init__.py -> /home/ubuntu/ros2_ws/install/kadabra/lib/python3.8/site-packages/kadabra
[3.830s] copying /home/ubuntu/ros2_ws/build/kadabra/build/lib/kadabra/trigger.py -> /home/ubuntu/ros2_ws/install/kadabra/lib/python3.8/site-packages/kadabra
[3.832s] byte-compiling /home/ubuntu/ros2_ws/install/kadabra/lib/python3.8/site-packages/kadabra/__init__.py to __init__.cpython-38.pyc
[3.836s] byte-compiling /home/ubuntu/ros2_ws/install/kadabra/lib/python3.8/site-packages/kadabra/trigger.py to trigger.cpython-38.pyc
[3.838s] running install_data
[3.840s] creating /home/ubuntu/ros2_ws/install/kadabra/share/ament_index
[3.841s] creating /home/ubuntu/ros2_ws/install/kadabra/share/ament_index/resource_index
[3.842s] creating /home/ubuntu/ros2_ws/install/kadabra/share/ament_index/resource_index/packages
[3.843s] copying resource/kadabra -> /home/ubuntu/ros2_ws/install/kadabra/share/ament_index/resource_index/packages
[3.844s] copying package.xml -> /home/ubuntu/ros2_ws/install/kadabra/share/kadabra
[3.844s] running install_egg_info
[3.849s] Copying ../../build/kadabra/kadabra.egg-info to /home/ubuntu/ros2_ws/install/kadabra/lib/python3.8/site-packages/kadabra-0.0.0-py3.8.egg-info
[3.853s] running install_scripts
[3.913s] Installing open_trigger script to /home/ubuntu/ros2_ws/install/kadabra/lib/kadabra
[3.914s] writing list of installed files to '/home/ubuntu/ros2_ws/build/kadabra/install.log'
[4.007s] Invoked command in '/home/ubuntu/ros2_ws/src/kadabra' returned '0': PYTHONPATH=/home/ubuntu/ros2_ws/install/kadabra/lib/python3.8/site-packages:${PYTHONPATH} /usr/bin/python3 setup.py egg_info --egg-base ../../build/kadabra build --build-base /home/ubuntu/ros2_ws/build/kadabra/build install --prefix /home/ubuntu/ros2_ws/install/kadabra --record /home/ubuntu/ros2_ws/build/kadabra/install.log --single-version-externally-managed
