[1.971s] Invoking command in '/home/ubuntu/ros2_ws/src/py_pub': PYTHONPATH=/home/ubuntu/ros2_ws/src/install/py_pub/lib/python3.8/site-packages:${PYTHONPATH} /usr/bin/python3 setup.py egg_info --egg-base ../build/py_pub build --build-base /home/ubuntu/ros2_ws/src/build/py_pub/build install --prefix /home/ubuntu/ros2_ws/src/install/py_pub --record /home/ubuntu/ros2_ws/src/build/py_pub/install.log --single-version-externally-managed
[2.665s] running egg_info
[2.667s] creating ../build/py_pub/py_pub.egg-info
[2.667s] writing ../build/py_pub/py_pub.egg-info/PKG-INFO
[2.668s] writing dependency_links to ../build/py_pub/py_pub.egg-info/dependency_links.txt
[2.669s] writing entry points to ../build/py_pub/py_pub.egg-info/entry_points.txt
[2.669s] writing requirements to ../build/py_pub/py_pub.egg-info/requires.txt
[2.670s] writing top-level names to ../build/py_pub/py_pub.egg-info/top_level.txt
[2.674s] writing manifest file '../build/py_pub/py_pub.egg-info/SOURCES.txt'
[2.797s] reading manifest file '../build/py_pub/py_pub.egg-info/SOURCES.txt'
[2.799s] writing manifest file '../build/py_pub/py_pub.egg-info/SOURCES.txt'
[2.800s] running build
[2.800s] running build_py
[2.801s] creating /home/ubuntu/ros2_ws/src/build/py_pub/build
[2.801s] creating /home/ubuntu/ros2_ws/src/build/py_pub/build/lib
[2.801s] creating /home/ubuntu/ros2_ws/src/build/py_pub/build/lib/py_pub
[2.802s] copying py_pub/pub_file.py -> /home/ubuntu/ros2_ws/src/build/py_pub/build/lib/py_pub
[2.802s] copying py_pub/__init__.py -> /home/ubuntu/ros2_ws/src/build/py_pub/build/lib/py_pub
[2.803s] running install
[2.805s] running install_lib
[2.809s] creating /home/ubuntu/ros2_ws/src/install/py_pub/lib/python3.8/site-packages/py_pub
[2.809s] copying /home/ubuntu/ros2_ws/src/build/py_pub/build/lib/py_pub/pub_file.py -> /home/ubuntu/ros2_ws/src/install/py_pub/lib/python3.8/site-packages/py_pub
[2.809s] copying /home/ubuntu/ros2_ws/src/build/py_pub/build/lib/py_pub/__init__.py -> /home/ubuntu/ros2_ws/src/install/py_pub/lib/python3.8/site-packages/py_pub
[2.811s] byte-compiling /home/ubuntu/ros2_ws/src/install/py_pub/lib/python3.8/site-packages/py_pub/pub_file.py to pub_file.cpython-38.pyc
[2.816s] byte-compiling /home/ubuntu/ros2_ws/src/install/py_pub/lib/python3.8/site-packages/py_pub/__init__.py to __init__.cpython-38.pyc
[2.817s] running install_data
[2.819s] creating /home/ubuntu/ros2_ws/src/install/py_pub/share/ament_index
[2.819s] creating /home/ubuntu/ros2_ws/src/install/py_pub/share/ament_index/resource_index
[2.820s] creating /home/ubuntu/ros2_ws/src/install/py_pub/share/ament_index/resource_index/packages
[2.820s] copying resource/py_pub -> /home/ubuntu/ros2_ws/src/install/py_pub/share/ament_index/resource_index/packages
[2.821s] copying package.xml -> /home/ubuntu/ros2_ws/src/install/py_pub/share/py_pub
[2.821s] running install_egg_info
[2.826s] Copying ../build/py_pub/py_pub.egg-info to /home/ubuntu/ros2_ws/src/install/py_pub/lib/python3.8/site-packages/py_pub-0.0.0-py3.8.egg-info
[2.830s] running install_scripts
[2.888s] Installing publisher script to /home/ubuntu/ros2_ws/src/install/py_pub/lib/py_pub
[2.889s] writing list of installed files to '/home/ubuntu/ros2_ws/src/build/py_pub/install.log'
[2.979s] Invoked command in '/home/ubuntu/ros2_ws/src/py_pub' returned '0': PYTHONPATH=/home/ubuntu/ros2_ws/src/install/py_pub/lib/python3.8/site-packages:${PYTHONPATH} /usr/bin/python3 setup.py egg_info --egg-base ../build/py_pub build --build-base /home/ubuntu/ros2_ws/src/build/py_pub/build install --prefix /home/ubuntu/ros2_ws/src/install/py_pub --record /home/ubuntu/ros2_ws/src/build/py_pub/install.log --single-version-externally-managed
